[INFO] Scanning for projects...
[WARNING] 
[WARNING] Some problems were encountered while building the effective model for ru.diplom.cicd:master-service:jar:0.1.0-SNAPSHOT
[WARNING] 'build.plugins.plugin.version' for org.springframework.boot:spring-boot-maven-plugin is missing. @ line 100, column 21
[WARNING] 
[WARNING] It is highly recommended to fix these problems because they threaten the stability of your build.
[WARNING] 
[WARNING] For this reason, future Maven versions might no longer support building such malformed projects.
[WARNING] 
[INFO] 
[INFO] -------------------< ru.diplom.cicd:master-service >--------------------
[INFO] Building master-service 0.1.0-SNAPSHOT
[INFO]   from pom.xml
[INFO] --------------------------------[ jar ]---------------------------------
[INFO] 
[INFO] >>> spring-boot:4.1.0-RC1:run (default-cli) > test-compile @ master-service >>>
[INFO] 
[INFO] --- resources:3.3.1:resources (default-resources) @ master-service ---
[INFO] Copying 5 resources from src\main\resources to target\classes
[INFO] 
[INFO] --- compiler:3.13.0:compile (default-compile) @ master-service ---
[INFO] Nothing to compile - all classes are up to date.
[INFO] 
[INFO] --- resources:3.3.1:testResources (default-testResources) @ master-service ---
[INFO] skip non existing resourceDirectory C:\Users\dmitr\IdeaProjects\ci-cd-master-service\master-service\src\test\resources
[INFO] 
[INFO] --- compiler:3.13.0:testCompile (default-testCompile) @ master-service ---
[INFO] Nothing to compile - all classes are up to date.
[INFO] 
[INFO] <<< spring-boot:4.1.0-RC1:run (default-cli) < test-compile @ master-service <<<
[INFO] 
[INFO] 
[INFO] --- spring-boot:4.1.0-RC1:run (default-cli) @ master-service ---
[INFO] Attaching agents: []

  .   ____          _            __ _ _
 /\\ / ___'_ __ _ _(_)_ __  __ _ \ \ \ \
( ( )\___ | '_ | '_| | '_ \/ _` | \ \ \ \
 \\/  ___)| |_)| | | | | || (_| |  ) ) ) )
  '  |____| .__|_| |_|_| |_\__, | / / / /
 =========|_|==============|___/=/_/_/_/

 :: Spring Boot ::                (v3.3.1)

2026-06-01T19:16:27.645+05:00  INFO [corr:] 21904 --- [master-service] [           main] r.d.c.master.MasterServiceApplication    : Starting MasterServiceApplication using Java 21.0.10 with PID 21904 (C:\Users\dmitr\IdeaProjects\ci-cd-master-service\master-service\target\classes started by dmitr in C:\Users\dmitr\IdeaProjects\ci-cd-master-service\master-service)
2026-06-01T19:16:27.647+05:00  INFO [corr:] 21904 --- [master-service] [           main] r.d.c.master.MasterServiceApplication    : No active profile set, falling back to 1 default profile: "default"
2026-06-01T19:16:28.128+05:00  INFO [corr:] 21904 --- [master-service] [           main] .s.d.r.c.RepositoryConfigurationDelegate : Bootstrapping Spring Data JPA repositories in DEFAULT mode.
2026-06-01T19:16:28.177+05:00  INFO [corr:] 21904 --- [master-service] [           main] .s.d.r.c.RepositoryConfigurationDelegate : Finished Spring Data repository scanning in 45 ms. Found 28 JPA repository interfaces.
2026-06-01T19:16:28.526+05:00  INFO [corr:] 21904 --- [master-service] [           main] o.s.b.w.embedded.tomcat.TomcatWebServer  : Tomcat initialized with port 8080 (http)
2026-06-01T19:16:28.532+05:00  INFO [corr:] 21904 --- [master-service] [           main] o.apache.catalina.core.StandardService   : Starting service [Tomcat]
2026-06-01T19:16:28.532+05:00  INFO [corr:] 21904 --- [master-service] [           main] o.apache.catalina.core.StandardEngine    : Starting Servlet engine: [Apache Tomcat/10.1.25]
2026-06-01T19:16:28.560+05:00  INFO [corr:] 21904 --- [master-service] [           main] o.a.c.c.C.[Tomcat].[localhost].[/]       : Initializing Spring embedded WebApplicationContext
2026-06-01T19:16:28.562+05:00  INFO [corr:] 21904 --- [master-service] [           main] w.s.c.ServletWebServerApplicationContext : Root WebApplicationContext: initialization completed in 891 ms
2026-06-01T19:16:28.745+05:00 ERROR [corr:] 21904 --- [master-service] [           main] o.f.c.i.s.filesystem.FileSystemScanner   : Skipping filesystem location: db\migration (not found)
2026-06-01T19:16:28.749+05:00  INFO [corr:] 21904 --- [master-service] [           main] com.zaxxer.hikari.HikariDataSource       : HikariPool-1 - Starting...
2026-06-01T19:16:28.822+05:00  INFO [corr:] 21904 --- [master-service] [           main] com.zaxxer.hikari.pool.HikariPool        : HikariPool-1 - Added connection org.postgresql.jdbc.PgConnection@280d6a20
2026-06-01T19:16:28.823+05:00  INFO [corr:] 21904 --- [master-service] [           main] com.zaxxer.hikari.HikariDataSource       : HikariPool-1 - Start completed.
2026-06-01T19:16:28.839+05:00  INFO [corr:] 21904 --- [master-service] [           main] org.flywaydb.core.FlywayExecutor         : Database: jdbc:postgresql://localhost:5432/cicd_master (PostgreSQL 16.14)
2026-06-01T19:16:28.867+05:00  INFO [corr:] 21904 --- [master-service] [           main] o.f.core.internal.command.DbValidate     : Successfully validated 2 migrations (execution time 00:00.015s)
2026-06-01T19:16:28.890+05:00  INFO [corr:] 21904 --- [master-service] [           main] o.f.core.internal.command.DbMigrate      : Current version of schema "public": 0002
2026-06-01T19:16:28.891+05:00  INFO [corr:] 21904 --- [master-service] [           main] o.f.core.internal.command.DbMigrate      : Schema "public" is up to date. No migration necessary.
2026-06-01T19:16:28.935+05:00  INFO [corr:] 21904 --- [master-service] [           main] o.hibernate.jpa.internal.util.LogHelper  : HHH000204: Processing PersistenceUnitInfo [name: default]
2026-06-01T19:16:28.957+05:00  INFO [corr:] 21904 --- [master-service] [           main] org.hibernate.Version                    : HHH000412: Hibernate ORM core version 6.5.2.Final
2026-06-01T19:16:28.972+05:00  INFO [corr:] 21904 --- [master-service] [           main] o.h.c.internal.RegionFactoryInitiator    : HHH000026: Second-level cache disabled
2026-06-01T19:16:29.097+05:00  INFO [corr:] 21904 --- [master-service] [           main] o.s.o.j.p.SpringPersistenceUnitInfo      : No LoadTimeWeaver setup: ignoring JPA class transformer
2026-06-01T19:16:29.720+05:00  INFO [corr:] 21904 --- [master-service] [           main] o.h.e.t.j.p.i.JtaPlatformInitiator       : HHH000489: No JTA platform available (set 'hibernate.transaction.jta.platform' to enable JTA platform integration)
2026-06-01T19:16:29.763+05:00  INFO [corr:] 21904 --- [master-service] [           main] j.LocalContainerEntityManagerFactoryBean : Initialized JPA EntityManagerFactory for persistence unit 'default'
2026-06-01T19:16:30.125+05:00  INFO [corr:] 21904 --- [master-service] [           main] o.s.d.j.r.query.QueryEnhancerFactory     : Hibernate is in classpath; If applicable, HQL parser will be used.
2026-06-01T19:16:30.579+05:00  WARN [corr:] 21904 --- [master-service] [           main] .s.s.UserDetailsServiceAutoConfiguration : 

Using generated security password: b1fb83b6-0256-476c-aba6-32868f7e9163

This generated password is for development use only. Your security configuration must be updated before running your application in production.

2026-06-01T19:16:30.586+05:00  INFO [corr:] 21904 --- [master-service] [           main] r$InitializeUserDetailsManagerConfigurer : Global AuthenticationManager configured with UserDetailsService bean with name inMemoryUserDetailsManager
2026-06-01T19:16:30.738+05:00  INFO [corr:] 21904 --- [master-service] [           main] o.s.b.a.e.web.EndpointLinksResolver      : Exposing 3 endpoints beneath base path '/actuator'
2026-06-01T19:16:31.029+05:00  INFO [corr:] 21904 --- [master-service] [           main] o.s.b.w.embedded.tomcat.TomcatWebServer  : Tomcat started on port 8080 (http) with context path '/'
2026-06-01T19:16:31.048+05:00  INFO [corr:] 21904 --- [master-service] [           main] o.a.k.clients.consumer.ConsumerConfig    : ConsumerConfig values: 
	allow.auto.create.topics = true
	auto.commit.interval.ms = 5000
	auto.include.jmx.reporter = true
	auto.offset.reset = earliest
	bootstrap.servers = [localhost:9092]
	check.crcs = true
	client.dns.lookup = use_all_dns_ips
	client.id = consumer-master-service-1
	client.rack = 
	connections.max.idle.ms = 540000
	default.api.timeout.ms = 60000
	enable.auto.commit = false
	enable.metrics.push = true
	exclude.internal.topics = true
	fetch.max.bytes = 52428800
	fetch.max.wait.ms = 500
	fetch.min.bytes = 1
	group.id = master-service
	group.instance.id = null
	group.protocol = classic
	group.remote.assignor = null
	heartbeat.interval.ms = 3000
	interceptor.classes = []
	internal.leave.group.on.close = true
	internal.throw.on.fetch.stable.offset.unsupported = false
	isolation.level = read_uncommitted
	key.deserializer = class org.apache.kafka.common.serialization.StringDeserializer
	max.partition.fetch.bytes = 1048576
	max.poll.interval.ms = 300000
	max.poll.records = 500
	metadata.max.age.ms = 300000
	metric.reporters = []
	metrics.num.samples = 2
	metrics.recording.level = INFO
	metrics.sample.window.ms = 30000
	partition.assignment.strategy = [class org.apache.kafka.clients.consumer.RangeAssignor, class org.apache.kafka.clients.consumer.CooperativeStickyAssignor]
	receive.buffer.bytes = 65536
	reconnect.backoff.max.ms = 1000
	reconnect.backoff.ms = 50
	request.timeout.ms = 30000
	retry.backoff.max.ms = 1000
	retry.backoff.ms = 100
	sasl.client.callback.handler.class = null
	sasl.jaas.config = null
	sasl.kerberos.kinit.cmd = /usr/bin/kinit
	sasl.kerberos.min.time.before.relogin = 60000
	sasl.kerberos.service.name = null
	sasl.kerberos.ticket.renew.jitter = 0.05
	sasl.kerberos.ticket.renew.window.factor = 0.8
	sasl.login.callback.handler.class = null
	sasl.login.class = null
	sasl.login.connect.timeout.ms = null
	sasl.login.read.timeout.ms = null
	sasl.login.refresh.buffer.seconds = 300
	sasl.login.refresh.min.period.seconds = 60
	sasl.login.refresh.window.factor = 0.8
	sasl.login.refresh.window.jitter = 0.05
	sasl.login.retry.backoff.max.ms = 10000
	sasl.login.retry.backoff.ms = 100
	sasl.mechanism = GSSAPI
	sasl.oauthbearer.clock.skew.seconds = 30
	sasl.oauthbearer.expected.audience = null
	sasl.oauthbearer.expected.issuer = null
	sasl.oauthbearer.jwks.endpoint.refresh.ms = 3600000
	sasl.oauthbearer.jwks.endpoint.retry.backoff.max.ms = 10000
	sasl.oauthbearer.jwks.endpoint.retry.backoff.ms = 100
	sasl.oauthbearer.jwks.endpoint.url = null
	sasl.oauthbearer.scope.claim.name = scope
	sasl.oauthbearer.sub.claim.name = sub
	sasl.oauthbearer.token.endpoint.url = null
	security.protocol = PLAINTEXT
	security.providers = null
	send.buffer.bytes = 131072
	session.timeout.ms = 45000
	socket.connection.setup.timeout.max.ms = 30000
	socket.connection.setup.timeout.ms = 10000
	ssl.cipher.suites = null
	ssl.enabled.protocols = [TLSv1.2, TLSv1.3]
	ssl.endpoint.identification.algorithm = https
	ssl.engine.factory.class = null
	ssl.key.password = null
	ssl.keymanager.algorithm = SunX509
	ssl.keystore.certificate.chain = null
	ssl.keystore.key = null
	ssl.keystore.location = null
	ssl.keystore.password = null
	ssl.keystore.type = JKS
	ssl.protocol = TLSv1.3
	ssl.provider = null
	ssl.secure.random.implementation = null
	ssl.trustmanager.algorithm = PKIX
	ssl.truststore.certificates = null
	ssl.truststore.location = null
	ssl.truststore.password = null
	ssl.truststore.type = JKS
	value.deserializer = class org.springframework.kafka.support.serializer.JsonDeserializer

2026-06-01T19:16:31.076+05:00  INFO [corr:] 21904 --- [master-service] [           main] o.a.k.c.t.i.KafkaMetricsCollector        : initializing Kafka metrics collector
2026-06-01T19:16:31.118+05:00  INFO [corr:] 21904 --- [master-service] [nio-8080-exec-1] o.a.c.c.C.[Tomcat].[localhost].[/]       : Initializing Spring DispatcherServlet 'dispatcherServlet'
2026-06-01T19:16:31.118+05:00  INFO [corr:] 21904 --- [master-service] [nio-8080-exec-1] o.s.web.servlet.DispatcherServlet        : Initializing Servlet 'dispatcherServlet'
2026-06-01T19:16:31.119+05:00  INFO [corr:] 21904 --- [master-service] [nio-8080-exec-1] o.s.web.servlet.DispatcherServlet        : Completed initialization in 1 ms
2026-06-01T19:16:31.153+05:00  INFO [corr:] 21904 --- [master-service] [           main] o.a.kafka.common.utils.AppInfoParser     : Kafka version: 3.7.0
2026-06-01T19:16:31.153+05:00  INFO [corr:] 21904 --- [master-service] [           main] o.a.kafka.common.utils.AppInfoParser     : Kafka commitId: 2ae524ed625438c5
2026-06-01T19:16:31.153+05:00  INFO [corr:] 21904 --- [master-service] [           main] o.a.kafka.common.utils.AppInfoParser     : Kafka startTimeMs: 1780323391152
2026-06-01T19:16:31.159+05:00  INFO [corr:] 21904 --- [master-service] [           main] o.a.k.c.c.internals.LegacyKafkaConsumer  : [Consumer clientId=consumer-master-service-1, groupId=master-service] Subscribed to topic(s): jobs.results
2026-06-01T19:16:31.171+05:00  INFO [corr:] 21904 --- [master-service] [           main] r.d.c.master.MasterServiceApplication    : Started MasterServiceApplication in 3.749 seconds (process running for 3.915)
2026-06-01T19:16:31.353+05:00  INFO [corr:] 21904 --- [master-service] [ntainer#0-0-C-1] org.apache.kafka.clients.Metadata        : [Consumer clientId=consumer-master-service-1, groupId=master-service] Cluster ID: N19vj0prStSpxIvBu1UV0A
2026-06-01T19:16:31.357+05:00  INFO [corr:] 21904 --- [master-service] [ntainer#0-0-C-1] o.a.k.c.c.internals.ConsumerCoordinator  : [Consumer clientId=consumer-master-service-1, groupId=master-service] Discovered group coordinator localhost:9092 (id: 2147483646 rack: null)
2026-06-01T19:16:31.360+05:00  INFO [corr:] 21904 --- [master-service] [ntainer#0-0-C-1] o.a.k.c.c.internals.ConsumerCoordinator  : [Consumer clientId=consumer-master-service-1, groupId=master-service] (Re-)joining group
2026-06-01T19:16:31.373+05:00  INFO [corr:] 21904 --- [master-service] [ntainer#0-0-C-1] o.a.k.c.c.internals.ConsumerCoordinator  : [Consumer clientId=consumer-master-service-1, groupId=master-service] Request joining group due to: need to re-join with the given member-id: consumer-master-service-1-9f5b1276-e37a-4989-b5c0-7947ac89be0d
2026-06-01T19:16:31.373+05:00  INFO [corr:] 21904 --- [master-service] [ntainer#0-0-C-1] o.a.k.c.c.internals.ConsumerCoordinator  : [Consumer clientId=consumer-master-service-1, groupId=master-service] (Re-)joining group
2026-06-01T19:16:34.378+05:00  INFO [corr:] 21904 --- [master-service] [ntainer#0-0-C-1] o.a.k.c.c.internals.ConsumerCoordinator  : [Consumer clientId=consumer-master-service-1, groupId=master-service] Successfully joined group with generation Generation{generationId=1, memberId='consumer-master-service-1-9f5b1276-e37a-4989-b5c0-7947ac89be0d', protocol='range'}
2026-06-01T19:16:34.382+05:00  INFO [corr:] 21904 --- [master-service] [ntainer#0-0-C-1] o.a.k.c.c.internals.ConsumerCoordinator  : [Consumer clientId=consumer-master-service-1, groupId=master-service] Finished assignment for group at generation 1: {consumer-master-service-1-9f5b1276-e37a-4989-b5c0-7947ac89be0d=Assignment(partitions=[jobs.results-0])}
2026-06-01T19:16:34.389+05:00  INFO [corr:] 21904 --- [master-service] [ntainer#0-0-C-1] o.a.k.c.c.internals.ConsumerCoordinator  : [Consumer clientId=consumer-master-service-1, groupId=master-service] Successfully synced group in generation Generation{generationId=1, memberId='consumer-master-service-1-9f5b1276-e37a-4989-b5c0-7947ac89be0d', protocol='range'}
2026-06-01T19:16:34.389+05:00  INFO [corr:] 21904 --- [master-service] [ntainer#0-0-C-1] o.a.k.c.c.internals.ConsumerCoordinator  : [Consumer clientId=consumer-master-service-1, groupId=master-service] Notifying assignor about the new Assignment(partitions=[jobs.results-0])
2026-06-01T19:16:34.390+05:00  INFO [corr:] 21904 --- [master-service] [ntainer#0-0-C-1] k.c.c.i.ConsumerRebalanceListenerInvoker : [Consumer clientId=consumer-master-service-1, groupId=master-service] Adding newly assigned partitions: jobs.results-0
2026-06-01T19:16:34.394+05:00  INFO [corr:] 21904 --- [master-service] [ntainer#0-0-C-1] o.a.k.c.c.internals.ConsumerCoordinator  : [Consumer clientId=consumer-master-service-1, groupId=master-service] Found no committed offset for partition jobs.results-0
2026-06-01T19:16:34.400+05:00  INFO [corr:] 21904 --- [master-service] [ntainer#0-0-C-1] o.a.k.c.c.internals.SubscriptionState    : [Consumer clientId=consumer-master-service-1, groupId=master-service] Resetting offset for partition jobs.results-0 to position FetchPosition{offset=0, offsetEpoch=Optional.empty, currentLeader=LeaderAndEpoch{leader=Optional[localhost:9092 (id: 1 rack: null)], epoch=0}}.
2026-06-01T19:16:34.401+05:00  INFO [corr:] 21904 --- [master-service] [ntainer#0-0-C-1] o.s.k.l.KafkaMessageListenerContainer    : master-service: partitions assigned: [jobs.results-0]
